-encoding
UTF-8
-outxml
-source
1.6
-target
1.6
-classpath
/home/linuxmate/.m2/repository/junit/junit/4.11/junit-4.11.jar:/home/linuxmate/.m2/repository/log4j/log4j/1.2.17/log4j-1.2.17.jar:/home/linuxmate/.m2/repository/org/slf4j/slf4j-api/1.7.5/slf4j-api-1.7.5.jar:/home/linuxmate/.m2/repository/org/slf4j/jcl-over-slf4j/1.7.5/jcl-over-slf4j-1.7.5.jar:/home/linuxmate/.m2/repository/org/slf4j/slf4j-log4j12/1.7.5/slf4j-log4j12-1.7.5.jar:/home/linuxmate/.m2/repository/org/aspectj/aspectjrt/1.7.2/aspectjrt-1.7.2.jar:/home/linuxmate/.m2/repository/org/aspectj/aspectjweaver/1.7.2/aspectjweaver-1.7.2.jar:/home/linuxmate/.m2/repository/javax/servlet/servlet-api/2.5/servlet-api-2.5.jar:/home/linuxmate/.m2/repository/net/sf/flexjson/flexjson/2.1/flexjson-2.1.jar:/home/linuxmate/.m2/repository/org/apache/commons/commons-lang3/3.1/commons-lang3-3.1.jar:/home/linuxmate/.m2/repository/org/springframework/roo/org.springframework.roo.annotations/1.2.4.RELEASE/org.springframework.roo.annotations-1.2.4.RELEASE.jar:/home/linuxmate/.m2/repository/org/springframework/spring-core/3.2.3.RELEASE/spring-core-3.2.3.RELEASE.jar:/home/linuxmate/.m2/repository/org/springframework/spring-test/3.2.3.RELEASE/spring-test-3.2.3.RELEASE.jar:/home/linuxmate/.m2/repository/org/springframework/spring-context/3.2.3.RELEASE/spring-context-3.2.3.RELEASE.jar:/home/linuxmate/.m2/repository/org/springframework/spring-aop/3.2.3.RELEASE/spring-aop-3.2.3.RELEASE.jar:/home/linuxmate/.m2/repository/org/springframework/spring-aspects/3.2.3.RELEASE/spring-aspects-3.2.3.RELEASE.jar:/home/linuxmate/.m2/repository/mysql/mysql-connector-java/5.1.18/mysql-connector-java-5.1.18.jar:/home/linuxmate/.m2/repository/org/hibernate/hibernate-core/4.2.2.Final/hibernate-core-4.2.2.Final.jar:/home/linuxmate/.m2/repository/org/hibernate/hibernate-entitymanager/4.2.2.Final/hibernate-entitymanager-4.2.2.Final.jar:/home/linuxmate/.m2/repository/org/hibernate/javax/persistence/hibernate-jpa-2.0-api/1.0.1.Final/hibernate-jpa-2.0-api-1.0.1.Final.jar:/home/linuxmate/.m2/repository/commons-collections/commons-collections/3.2.1/commons-collections-3.2.1.jar:/home/linuxmate/.m2/repository/org/hibernate/hibernate-validator/4.3.1.Final/hibernate-validator-4.3.1.Final.jar:/home/linuxmate/.m2/repository/javax/validation/validation-api/1.0.0.GA/validation-api-1.0.0.GA.jar:/home/linuxmate/.m2/repository/javax/transaction/jta/1.1/jta-1.1.jar:/home/linuxmate/.m2/repository/org/springframework/spring-jdbc/3.2.3.RELEASE/spring-jdbc-3.2.3.RELEASE.jar:/home/linuxmate/.m2/repository/org/springframework/spring-orm/3.2.3.RELEASE/spring-orm-3.2.3.RELEASE.jar:/home/linuxmate/.m2/repository/commons-pool/commons-pool/1.5.6/commons-pool-1.5.6.jar:/home/linuxmate/.m2/repository/commons-dbcp/commons-dbcp/1.4/commons-dbcp-1.4.jar:/home/linuxmate/.m2/repository/org/springframework/spring-webmvc/3.2.3.RELEASE/spring-webmvc-3.2.3.RELEASE.jar:/home/linuxmate/.m2/repository/org/springframework/webflow/spring-js-resources/2.2.1.RELEASE/spring-js-resources-2.2.1.RELEASE.jar:/home/linuxmate/.m2/repository/commons-digester/commons-digester/2.1/commons-digester-2.1.jar:/home/linuxmate/.m2/repository/commons-fileupload/commons-fileupload/1.2.2/commons-fileupload-1.2.2.jar:/home/linuxmate/.m2/repository/javax/servlet/jsp/jstl/jstl-api/1.2/jstl-api-1.2.jar:/home/linuxmate/.m2/repository/org/glassfish/web/jstl-impl/1.2/jstl-impl-1.2.jar:/home/linuxmate/.m2/repository/javax/el/el-api/2.2/el-api-2.2.jar:/home/linuxmate/.m2/repository/joda-time/joda-time/1.6/joda-time-1.6.jar:/home/linuxmate/.m2/repository/javax/servlet/jsp/jsp-api/2.1/jsp-api-2.1.jar:/home/linuxmate/.m2/repository/commons-codec/commons-codec/1.5/commons-codec-1.5.jar:/home/linuxmate/.m2/repository/org/apache/tiles/tiles-jsp/2.2.2/tiles-jsp-2.2.2.jar:/home/linuxmate/.m2/repository/commons-io/commons-io/2.1/commons-io-2.1.jar:/home/linuxmate/.m2/repository/org/springframework/spring-beans/3.2.3.RELEASE/spring-beans-3.2.3.RELEASE.jar:/home/linuxmate/.m2/repository/org/springframework/spring-expression/3.2.3.RELEASE/spring-expression-3.2.3.RELEASE.jar:/home/linuxmate/.m2/repository/aopalliance/aopalliance/1.0/aopalliance-1.0.jar:/home/linuxmate/.m2/repository/org/springframework/spring-context-support/3.2.3.RELEASE/spring-context-support-3.2.3.RELEASE.jar:/home/linuxmate/.m2/repository/antlr/antlr/2.7.7/antlr-2.7.7.jar:/home/linuxmate/.m2/repository/org/jboss/logging/jboss-logging/3.1.0.GA/jboss-logging-3.1.0.GA.jar:/home/linuxmate/.m2/repository/dom4j/dom4j/1.6.1/dom4j-1.6.1.jar:/home/linuxmate/.m2/repository/org/jboss/spec/javax/transaction/jboss-transaction-api_1.1_spec/1.0.1.Final/jboss-transaction-api_1.1_spec-1.0.1.Final.jar:/home/linuxmate/.m2/repository/org/hibernate/common/hibernate-commons-annotations/4.0.2.Final/hibernate-commons-annotations-4.0.2.Final.jar:/home/linuxmate/.m2/repository/org/javassist/javassist/3.15.0-GA/javassist-3.15.0-GA.jar:/home/linuxmate/.m2/repository/org/springframework/spring-tx/3.2.3.RELEASE/spring-tx-3.2.3.RELEASE.jar:/home/linuxmate/.m2/repository/org/springframework/spring-web/3.2.3.RELEASE/spring-web-3.2.3.RELEASE.jar:/home/linuxmate/.m2/repository/commons-beanutils/commons-beanutils/1.8.3/commons-beanutils-1.8.3.jar:/home/linuxmate/.m2/repository/org/apache/tiles/tiles-servlet/2.2.2/tiles-servlet-2.2.2.jar:/home/linuxmate/.m2/repository/org/apache/tiles/tiles-core/2.2.2/tiles-core-2.2.2.jar:/home/linuxmate/.m2/repository/org/apache/tiles/tiles-template/2.2.2/tiles-template-2.2.2.jar:/home/linuxmate/.m2/repository/org/apache/tiles/tiles-api/2.2.2/tiles-api-2.2.2.jar:/home/linuxmate/Documents/Roo_Projects/spring-roo-1.2.4.RELEASE/target/classes
-aspectpath
/home/linuxmate/.m2/repository/org/springframework/spring-aspects/3.2.3.RELEASE/spring-aspects-3.2.3.RELEASE.jar
-d
/home/linuxmate/Documents/Roo_Projects/spring-roo-1.2.4.RELEASE/target/classes
/home/linuxmate/Documents/Roo_Projects/spring-roo-1.2.4.RELEASE/src/main/java/com/roo/viralatas/domain/Feiras_Roo_Configurable.aj
/home/linuxmate/Documents/Roo_Projects/spring-roo-1.2.4.RELEASE/src/main/java/com/roo/viralatas/domain/Status_Roo_DbManaged.aj
/home/linuxmate/Documents/Roo_Projects/spring-roo-1.2.4.RELEASE/src/main/java/com/roo/viralatas/domain/Adotantes_Roo_Jpa_ActiveRecord.aj
/home/linuxmate/Documents/Roo_Projects/spring-roo-1.2.4.RELEASE/src/main/java/com/roo/viralatas/domain/Situacoes_Roo_Configurable.aj
/home/linuxmate/Documents/Roo_Projects/spring-roo-1.2.4.RELEASE/src/main/java/com/roo/viralatas/domain/Status_Roo_Jpa_ActiveRecord.aj
/home/linuxmate/Documents/Roo_Projects/spring-roo-1.2.4.RELEASE/src/main/java/com/roo/viralatas/domain/Enderecos_Roo_DbManaged.aj
/home/linuxmate/Documents/Roo_Projects/spring-roo-1.2.4.RELEASE/src/main/java/com/roo/viralatas/domain/HistoricoFeiraAnimais_Roo_Jpa_ActiveRecord.aj
/home/linuxmate/Documents/Roo_Projects/spring-roo-1.2.4.RELEASE/src/main/java/com/roo/viralatas/domain/Acompanhamentos_Roo_DbManaged.aj
/home/linuxmate/Documents/Roo_Projects/spring-roo-1.2.4.RELEASE/src/main/java/com/roo/viralatas/domain/Animais_Roo_ToString.aj
/home/linuxmate/Documents/Roo_Projects/spring-roo-1.2.4.RELEASE/src/main/java/com/roo/viralatas/domain/HistoricoFeiraAnimais.java
/home/linuxmate/Documents/Roo_Projects/spring-roo-1.2.4.RELEASE/src/main/java/com/roo/viralatas/domain/Feiras_Roo_Jpa_ActiveRecord.aj
/home/linuxmate/Documents/Roo_Projects/spring-roo-1.2.4.RELEASE/src/main/java/com/roo/viralatas/domain/Moradias_Roo_Configurable.aj
/home/linuxmate/Documents/Roo_Projects/spring-roo-1.2.4.RELEASE/src/main/java/com/roo/viralatas/domain/Feiras.java
/home/linuxmate/Documents/Roo_Projects/spring-roo-1.2.4.RELEASE/src/main/java/com/roo/viralatas/domain/Usuarios.java
/home/linuxmate/Documents/Roo_Projects/spring-roo-1.2.4.RELEASE/src/main/java/com/roo/viralatas/domain/Feiras_Roo_DbManaged.aj
/home/linuxmate/Documents/Roo_Projects/spring-roo-1.2.4.RELEASE/src/main/java/com/roo/viralatas/domain/SolicitacaoAdocoes.java
/home/linuxmate/Documents/Roo_Projects/spring-roo-1.2.4.RELEASE/src/main/java/com/roo/viralatas/domain/PossiveisLocais_Roo_Jpa_Entity.aj
/home/linuxmate/Documents/Roo_Projects/spring-roo-1.2.4.RELEASE/src/main/java/com/roo/viralatas/domain/Prontuarios_Roo_ToString.aj
/home/linuxmate/Documents/Roo_Projects/spring-roo-1.2.4.RELEASE/src/main/java/com/roo/viralatas/domain/Feiras_Roo_Jpa_Entity.aj
/home/linuxmate/Documents/Roo_Projects/spring-roo-1.2.4.RELEASE/src/main/java/com/roo/viralatas/domain/Situacoes_Roo_Jpa_ActiveRecord.aj
/home/linuxmate/Documents/Roo_Projects/spring-roo-1.2.4.RELEASE/src/main/java/com/roo/viralatas/domain/PossiveisLocais_Roo_Configurable.aj
/home/linuxmate/Documents/Roo_Projects/spring-roo-1.2.4.RELEASE/src/main/java/com/roo/viralatas/domain/Moradias_Roo_Jpa_Entity.aj
/home/linuxmate/Documents/Roo_Projects/spring-roo-1.2.4.RELEASE/src/main/java/com/roo/viralatas/domain/Adotantes_Roo_Configurable.aj
/home/linuxmate/Documents/Roo_Projects/spring-roo-1.2.4.RELEASE/src/main/java/com/roo/viralatas/domain/SolicitacaoAdocoes_Roo_DbManaged.aj
/home/linuxmate/Documents/Roo_Projects/spring-roo-1.2.4.RELEASE/src/main/java/com/roo/viralatas/domain/Cidades_Roo_DbManaged.aj
/home/linuxmate/Documents/Roo_Projects/spring-roo-1.2.4.RELEASE/src/main/java/com/roo/viralatas/domain/Cidades_Roo_Jpa_Entity.aj
/home/linuxmate/Documents/Roo_Projects/spring-roo-1.2.4.RELEASE/src/main/java/com/roo/viralatas/domain/Adotantes.java
/home/linuxmate/Documents/Roo_Projects/spring-roo-1.2.4.RELEASE/src/main/java/com/roo/viralatas/domain/SolicitacaoAdocoes_Roo_Configurable.aj
/home/linuxmate/Documents/Roo_Projects/spring-roo-1.2.4.RELEASE/src/main/java/com/roo/viralatas/domain/Adotantes_Roo_DbManaged.aj
/home/linuxmate/Documents/Roo_Projects/spring-roo-1.2.4.RELEASE/src/main/java/com/roo/viralatas/domain/Situacoes_Roo_Jpa_Entity.aj
/home/linuxmate/Documents/Roo_Projects/spring-roo-1.2.4.RELEASE/src/main/java/com/roo/viralatas/domain/Status.java
/home/linuxmate/Documents/Roo_Projects/spring-roo-1.2.4.RELEASE/src/main/java/com/roo/viralatas/domain/Animais_Roo_Jpa_ActiveRecord.aj
/home/linuxmate/Documents/Roo_Projects/spring-roo-1.2.4.RELEASE/src/main/java/com/roo/viralatas/domain/Adotantes_Roo_ToString.aj
/home/linuxmate/Documents/Roo_Projects/spring-roo-1.2.4.RELEASE/src/main/java/com/roo/viralatas/domain/SolicitacaoAdocoes_Roo_Jpa_Entity.aj
/home/linuxmate/Documents/Roo_Projects/spring-roo-1.2.4.RELEASE/src/main/java/com/roo/viralatas/domain/HistoricoFeiraAnimais_Roo_Jpa_Entity.aj
/home/linuxmate/Documents/Roo_Projects/spring-roo-1.2.4.RELEASE/src/main/java/com/roo/viralatas/domain/Cidades_Roo_Configurable.aj
/home/linuxmate/Documents/Roo_Projects/spring-roo-1.2.4.RELEASE/src/main/java/com/roo/viralatas/domain/TipoMoradias_Roo_Jpa_ActiveRecord.aj
/home/linuxmate/Documents/Roo_Projects/spring-roo-1.2.4.RELEASE/src/main/java/com/roo/viralatas/domain/Cidades_Roo_Jpa_ActiveRecord.aj
/home/linuxmate/Documents/Roo_Projects/spring-roo-1.2.4.RELEASE/src/main/java/com/roo/viralatas/domain/Acompanhamentos_Roo_ToString.aj
/home/linuxmate/Documents/Roo_Projects/spring-roo-1.2.4.RELEASE/src/main/java/com/roo/viralatas/domain/Prontuarios_Roo_Jpa_Entity.aj
/home/linuxmate/Documents/Roo_Projects/spring-roo-1.2.4.RELEASE/src/main/java/com/roo/viralatas/domain/Enderecos_Roo_Configurable.aj
/home/linuxmate/Documents/Roo_Projects/spring-roo-1.2.4.RELEASE/src/main/java/com/roo/viralatas/domain/Enderecos.java
/home/linuxmate/Documents/Roo_Projects/spring-roo-1.2.4.RELEASE/src/main/java/com/roo/viralatas/domain/Usuarios_Roo_Jpa_ActiveRecord.aj
/home/linuxmate/Documents/Roo_Projects/spring-roo-1.2.4.RELEASE/src/main/java/com/roo/viralatas/domain/Situacoes_Roo_DbManaged.aj
/home/linuxmate/Documents/Roo_Projects/spring-roo-1.2.4.RELEASE/src/main/java/com/roo/viralatas/domain/Usuarios_Roo_Jpa_Entity.aj
/home/linuxmate/Documents/Roo_Projects/spring-roo-1.2.4.RELEASE/src/main/java/com/roo/viralatas/domain/SolicitacaoAdocoes_Roo_Jpa_ActiveRecord.aj
/home/linuxmate/Documents/Roo_Projects/spring-roo-1.2.4.RELEASE/src/main/java/com/roo/viralatas/domain/TipoMoradias.java
/home/linuxmate/Documents/Roo_Projects/spring-roo-1.2.4.RELEASE/src/main/java/com/roo/viralatas/domain/Animais_Roo_Jpa_Entity.aj
/home/linuxmate/Documents/Roo_Projects/spring-roo-1.2.4.RELEASE/src/main/java/com/roo/viralatas/domain/Usuarios_Roo_DbManaged.aj
/home/linuxmate/Documents/Roo_Projects/spring-roo-1.2.4.RELEASE/src/main/java/com/roo/viralatas/domain/TipoMoradias_Roo_Jpa_Entity.aj
/home/linuxmate/Documents/Roo_Projects/spring-roo-1.2.4.RELEASE/src/main/java/com/roo/viralatas/domain/HistoricoFeiraAnimais_Roo_Configurable.aj
/home/linuxmate/Documents/Roo_Projects/spring-roo-1.2.4.RELEASE/src/main/java/com/roo/viralatas/domain/Usuarios_Roo_Configurable.aj
/home/linuxmate/Documents/Roo_Projects/spring-roo-1.2.4.RELEASE/src/main/java/com/roo/viralatas/domain/Enderecos_Roo_Jpa_Entity.aj
/home/linuxmate/Documents/Roo_Projects/spring-roo-1.2.4.RELEASE/src/main/java/com/roo/viralatas/domain/PossiveisLocais_Roo_DbManaged.aj
/home/linuxmate/Documents/Roo_Projects/spring-roo-1.2.4.RELEASE/src/main/java/com/roo/viralatas/domain/Animais.java
/home/linuxmate/Documents/Roo_Projects/spring-roo-1.2.4.RELEASE/src/main/java/com/roo/viralatas/domain/Animais_Roo_DbManaged.aj
/home/linuxmate/Documents/Roo_Projects/spring-roo-1.2.4.RELEASE/src/main/java/com/roo/viralatas/domain/Adotantes_Roo_Jpa_Entity.aj
/home/linuxmate/Documents/Roo_Projects/spring-roo-1.2.4.RELEASE/src/main/java/com/roo/viralatas/domain/Enderecos_Roo_ToString.aj
/home/linuxmate/Documents/Roo_Projects/spring-roo-1.2.4.RELEASE/src/main/java/com/roo/viralatas/domain/Animais_Roo_Configurable.aj
/home/linuxmate/Documents/Roo_Projects/spring-roo-1.2.4.RELEASE/src/main/java/com/roo/viralatas/domain/Cidades.java
/home/linuxmate/Documents/Roo_Projects/spring-roo-1.2.4.RELEASE/src/main/java/com/roo/viralatas/domain/Status_Roo_Jpa_Entity.aj
/home/linuxmate/Documents/Roo_Projects/spring-roo-1.2.4.RELEASE/src/main/java/com/roo/viralatas/domain/Situacoes.java
/home/linuxmate/Documents/Roo_Projects/spring-roo-1.2.4.RELEASE/src/main/java/com/roo/viralatas/domain/Enderecos_Roo_Jpa_ActiveRecord.aj
/home/linuxmate/Documents/Roo_Projects/spring-roo-1.2.4.RELEASE/src/main/java/com/roo/viralatas/domain/Acompanhamentos.java
/home/linuxmate/Documents/Roo_Projects/spring-roo-1.2.4.RELEASE/src/main/java/com/roo/viralatas/domain/Prontuarios.java
/home/linuxmate/Documents/Roo_Projects/spring-roo-1.2.4.RELEASE/src/main/java/com/roo/viralatas/domain/Prontuarios_Roo_DbManaged.aj
/home/linuxmate/Documents/Roo_Projects/spring-roo-1.2.4.RELEASE/src/main/java/com/roo/viralatas/domain/Acompanhamentos_Roo_Configurable.aj
/home/linuxmate/Documents/Roo_Projects/spring-roo-1.2.4.RELEASE/src/main/java/com/roo/viralatas/domain/Moradias.java
/home/linuxmate/Documents/Roo_Projects/spring-roo-1.2.4.RELEASE/src/main/java/com/roo/viralatas/domain/Acompanhamentos_Roo_Jpa_ActiveRecord.aj
/home/linuxmate/Documents/Roo_Projects/spring-roo-1.2.4.RELEASE/src/main/java/com/roo/viralatas/domain/HistoricoFeiraAnimais_Roo_ToString.aj
/home/linuxmate/Documents/Roo_Projects/spring-roo-1.2.4.RELEASE/src/main/java/com/roo/viralatas/domain/SolicitacaoAdocoes_Roo_ToString.aj
/home/linuxmate/Documents/Roo_Projects/spring-roo-1.2.4.RELEASE/src/main/java/com/roo/viralatas/domain/Prontuarios_Roo_Configurable.aj
/home/linuxmate/Documents/Roo_Projects/spring-roo-1.2.4.RELEASE/src/main/java/com/roo/viralatas/domain/Acompanhamentos_Roo_Jpa_Entity.aj
/home/linuxmate/Documents/Roo_Projects/spring-roo-1.2.4.RELEASE/src/main/java/com/roo/viralatas/domain/Situacoes_Roo_ToString.aj
/home/linuxmate/Documents/Roo_Projects/spring-roo-1.2.4.RELEASE/src/main/java/com/roo/viralatas/domain/Cidades_Roo_ToString.aj
/home/linuxmate/Documents/Roo_Projects/spring-roo-1.2.4.RELEASE/src/main/java/com/roo/viralatas/domain/TipoMoradias_Roo_DbManaged.aj
/home/linuxmate/Documents/Roo_Projects/spring-roo-1.2.4.RELEASE/src/main/java/com/roo/viralatas/domain/Status_Roo_Configurable.aj
/home/linuxmate/Documents/Roo_Projects/spring-roo-1.2.4.RELEASE/src/main/java/com/roo/viralatas/domain/PossiveisLocais.java
/home/linuxmate/Documents/Roo_Projects/spring-roo-1.2.4.RELEASE/src/main/java/com/roo/viralatas/domain/Moradias_Roo_DbManaged.aj
/home/linuxmate/Documents/Roo_Projects/spring-roo-1.2.4.RELEASE/src/main/java/com/roo/viralatas/domain/Feiras_Roo_ToString.aj
/home/linuxmate/Documents/Roo_Projects/spring-roo-1.2.4.RELEASE/src/main/java/com/roo/viralatas/domain/Prontuarios_Roo_Jpa_ActiveRecord.aj
/home/linuxmate/Documents/Roo_Projects/spring-roo-1.2.4.RELEASE/src/main/java/com/roo/viralatas/domain/Usuarios_Roo_ToString.aj
/home/linuxmate/Documents/Roo_Projects/spring-roo-1.2.4.RELEASE/src/main/java/com/roo/viralatas/domain/Moradias_Roo_ToString.aj
/home/linuxmate/Documents/Roo_Projects/spring-roo-1.2.4.RELEASE/src/main/java/com/roo/viralatas/domain/PossiveisLocais_Roo_Jpa_ActiveRecord.aj
/home/linuxmate/Documents/Roo_Projects/spring-roo-1.2.4.RELEASE/src/main/java/com/roo/viralatas/domain/HistoricoFeiraAnimais_Roo_DbManaged.aj
/home/linuxmate/Documents/Roo_Projects/spring-roo-1.2.4.RELEASE/src/main/java/com/roo/viralatas/domain/Moradias_Roo_Jpa_ActiveRecord.aj
/home/linuxmate/Documents/Roo_Projects/spring-roo-1.2.4.RELEASE/src/main/java/com/roo/viralatas/domain/PossiveisLocais_Roo_ToString.aj
/home/linuxmate/Documents/Roo_Projects/spring-roo-1.2.4.RELEASE/src/main/java/com/roo/viralatas/domain/TipoMoradias_Roo_ToString.aj
/home/linuxmate/Documents/Roo_Projects/spring-roo-1.2.4.RELEASE/src/main/java/com/roo/viralatas/domain/TipoMoradias_Roo_Configurable.aj
/home/linuxmate/Documents/Roo_Projects/spring-roo-1.2.4.RELEASE/src/main/java/com/roo/viralatas/domain/Status_Roo_ToString.aj
/home/linuxmate/Documents/Roo_Projects/spring-roo-1.2.4.RELEASE/src/main/java/com/roo/viralatas/web/CidadesController.java
/home/linuxmate/Documents/Roo_Projects/spring-roo-1.2.4.RELEASE/src/main/java/com/roo/viralatas/web/SolicitacaoAdocoesController_Roo_Controller.aj
/home/linuxmate/Documents/Roo_Projects/spring-roo-1.2.4.RELEASE/src/main/java/com/roo/viralatas/web/AdotantesController.java
/home/linuxmate/Documents/Roo_Projects/spring-roo-1.2.4.RELEASE/src/main/java/com/roo/viralatas/web/AdotantesController_Roo_Controller.aj
/home/linuxmate/Documents/Roo_Projects/spring-roo-1.2.4.RELEASE/src/main/java/com/roo/viralatas/web/EnderecosController_Roo_Controller.aj
/home/linuxmate/Documents/Roo_Projects/spring-roo-1.2.4.RELEASE/src/main/java/com/roo/viralatas/web/AnimaisController.java
/home/linuxmate/Documents/Roo_Projects/spring-roo-1.2.4.RELEASE/src/main/java/com/roo/viralatas/web/PossiveisLocaisController_Roo_Controller.aj
/home/linuxmate/Documents/Roo_Projects/spring-roo-1.2.4.RELEASE/src/main/java/com/roo/viralatas/web/AcompanhamentosController.java
/home/linuxmate/Documents/Roo_Projects/spring-roo-1.2.4.RELEASE/src/main/java/com/roo/viralatas/web/HistoricoFeiraAnimaisController.java
/home/linuxmate/Documents/Roo_Projects/spring-roo-1.2.4.RELEASE/src/main/java/com/roo/viralatas/web/StatusController.java
/home/linuxmate/Documents/Roo_Projects/spring-roo-1.2.4.RELEASE/src/main/java/com/roo/viralatas/web/FeirasController.java
/home/linuxmate/Documents/Roo_Projects/spring-roo-1.2.4.RELEASE/src/main/java/com/roo/viralatas/web/MoradiasController.java
/home/linuxmate/Documents/Roo_Projects/spring-roo-1.2.4.RELEASE/src/main/java/com/roo/viralatas/web/AcompanhamentosController_Roo_Controller.aj
/home/linuxmate/Documents/Roo_Projects/spring-roo-1.2.4.RELEASE/src/main/java/com/roo/viralatas/web/HistoricoFeiraAnimaisController_Roo_Controller.aj
/home/linuxmate/Documents/Roo_Projects/spring-roo-1.2.4.RELEASE/src/main/java/com/roo/viralatas/web/ApplicationConversionServiceFactoryBean.java
/home/linuxmate/Documents/Roo_Projects/spring-roo-1.2.4.RELEASE/src/main/java/com/roo/viralatas/web/ApplicationConversionServiceFactoryBean_Roo_ConversionService.aj
/home/linuxmate/Documents/Roo_Projects/spring-roo-1.2.4.RELEASE/src/main/java/com/roo/viralatas/web/TipoMoradiasController_Roo_Controller.aj
/home/linuxmate/Documents/Roo_Projects/spring-roo-1.2.4.RELEASE/src/main/java/com/roo/viralatas/web/SolicitacaoAdocoesController.java
/home/linuxmate/Documents/Roo_Projects/spring-roo-1.2.4.RELEASE/src/main/java/com/roo/viralatas/web/SituacoesController_Roo_Controller.aj
/home/linuxmate/Documents/Roo_Projects/spring-roo-1.2.4.RELEASE/src/main/java/com/roo/viralatas/web/ProntuariosController.java
/home/linuxmate/Documents/Roo_Projects/spring-roo-1.2.4.RELEASE/src/main/java/com/roo/viralatas/web/AnimaisController_Roo_Controller.aj
/home/linuxmate/Documents/Roo_Projects/spring-roo-1.2.4.RELEASE/src/main/java/com/roo/viralatas/web/PossiveisLocaisController.java
/home/linuxmate/Documents/Roo_Projects/spring-roo-1.2.4.RELEASE/src/main/java/com/roo/viralatas/web/CidadesController_Roo_Controller.aj
/home/linuxmate/Documents/Roo_Projects/spring-roo-1.2.4.RELEASE/src/main/java/com/roo/viralatas/web/SituacoesController.java
/home/linuxmate/Documents/Roo_Projects/spring-roo-1.2.4.RELEASE/src/main/java/com/roo/viralatas/web/ProntuariosController_Roo_Controller.aj
/home/linuxmate/Documents/Roo_Projects/spring-roo-1.2.4.RELEASE/src/main/java/com/roo/viralatas/web/StatusController_Roo_Controller.aj
/home/linuxmate/Documents/Roo_Projects/spring-roo-1.2.4.RELEASE/src/main/java/com/roo/viralatas/web/UsuariosController_Roo_Controller.aj
/home/linuxmate/Documents/Roo_Projects/spring-roo-1.2.4.RELEASE/src/main/java/com/roo/viralatas/web/MoradiasController_Roo_Controller.aj
/home/linuxmate/Documents/Roo_Projects/spring-roo-1.2.4.RELEASE/src/main/java/com/roo/viralatas/web/UsuariosController.java
/home/linuxmate/Documents/Roo_Projects/spring-roo-1.2.4.RELEASE/src/main/java/com/roo/viralatas/web/EnderecosController.java
/home/linuxmate/Documents/Roo_Projects/spring-roo-1.2.4.RELEASE/src/main/java/com/roo/viralatas/web/TipoMoradiasController.java
/home/linuxmate/Documents/Roo_Projects/spring-roo-1.2.4.RELEASE/src/main/java/com/roo/viralatas/web/FeirasController_Roo_Controller.aj
